<?xml version="1.0" encoding="UTF-8"?>
<!-- Generated by org.testng.reporters.JUnitXMLReporter -->
<testsuite ignored="4" hostname="LAPTOP-9AIIMQ77" failures="0" tests="22" name="Chrome-Regression Test" time="78.776" errors="0" timestamp="2021-08-15T20:10:19 IST">
  <testcase classname="Test.Basicvalidation" name="URLvalidation" time="0.069"/>
  <testcase classname="Test.Basicvalidation" name="titlevalidation" time="0.055"/>
  <testcase classname="Test.Loginvalidation" name="Clickelectronice" time="4.531"/>
  <testcase classname="Test.Loginvalidation" name="ClickMobiles" time="1.762"/>
  <testcase classname="Test.Loginvalidation" name="hovermobile" time="3.19"/>
  <testcase classname="Test.Loginvalidation" name="clickoneplus" time="9.948"/>
  <testcase classname="Test.Loginvalidation" name="Moblink" time="8.4"/>
  <testcase classname="Test.Loginvalidation" name="Scrolldown" time="3.157"/>
  <testcase classname="Test.Loginvalidation" name="ScrollUp" time="0.05"/>
  <testcase classname="Test.Loginvalidation" name="enterviaRobot" time="10.633"/>
  <testcase classname="Test.Loginvalidation" name="checkboxclick" time="3.608"/>
  <testcase classname="Test.Loginvalidation" name="headphoneclick" time="2.403"/>
  <testcase classname="Test.Loginvalidation" name="windowchange" time="3.259"/>
  <testcase classname="Test.Loginvalidation" name="Productdetails" time="3.123"/>
  <testcase classname="Test.Loginvalidation" name="windowclose" time="0.103"/>
  <testcase classname="Test.Loginvalidation" name="switchtab" time="0.111"/>
  <testcase classname="Test.Loginvalidation" name="Signin" time="7.151"/>
  <testcase classname="Test.Loginvalidation" name="loginvalidation1" time="5.208"/>
  <testcase classname="Test.Loginvalidation" name="loginvalidation2" time="2.914"/>
  <testcase classname="Test.Loginvalidation" name="loginvalidation3" time="4.657"/>
  <testcase classname="Test.Loginvalidation" name="windowclose1" time="0.073"/>
  <testcase classname="Test.Loginvalidation" name="windowclose2" time="0.143"/>
  <testcase classname="Test.Base" name="@BeforeTest beforeTest" time="0.0">
    <ignored/>
  </testcase> <!-- @BeforeTest beforeTest -->
  <testcase classname="Test.Base" name="@BeforeTest beforeTest" time="0.0">
    <ignored/>
  </testcase> <!-- @BeforeTest beforeTest -->
  <testcase classname="Test.Base" name="@AfterTest afterTest" time="0.0">
    <ignored/>
  </testcase> <!-- @AfterTest afterTest -->
  <testcase classname="Test.Base" name="@AfterTest afterTest" time="0.0">
    <ignored/>
  </testcase> <!-- @AfterTest afterTest -->
</testsuite> <!-- Chrome-Regression Test -->
